  Alloctor.cpp
  CellLog.cpp
C:\Users\zhong\Desktop\EasyTcpServer\CellTask.hpp(1,1): warning C4819: 该文件包含不能在当前代码页(936)中表示的字符。请将该文件保存为 Unicode 格式以防止数据丢失
C:\Users\zhong\Desktop\EasyTcpServer\CellThread.hpp(1,1): warning C4819: 该文件包含不能在当前代码页(936)中表示的字符。请将该文件保存为 Unicode 格式以防止数据丢失
C:\Users\zhong\Desktop\EasyTcpServer\CellSemaphore.hpp(1,1): warning C4819: 该文件包含不能在当前代码页(936)中表示的字符。请将该文件保存为 Unicode 格式以防止数据丢失
  CellSemaphore.cpp
C:\Users\zhong\Desktop\EasyTcpServer\CellSemaphore.hpp(1,1): warning C4819: 该文件包含不能在当前代码页(936)中表示的字符。请将该文件保存为 Unicode 格式以防止数据丢失
  CellServer.cpp
C:\Users\zhong\Desktop\EasyTcpServer\CellServer.cpp(1,1): warning C4819: 该文件包含不能在当前代码页(936)中表示的字符。请将该文件保存为 Unicode 格式以防止数据丢失
C:\Users\zhong\Desktop\EasyTcpServer\CellServer.hpp(1,1): warning C4819: 该文件包含不能在当前代码页(936)中表示的字符。请将该文件保存为 Unicode 格式以防止数据丢失
C:\Users\zhong\Desktop\EasyTcpServer\ClientSocket.hpp(1,1): warning C4819: 该文件包含不能在当前代码页(936)中表示的字符。请将该文件保存为 Unicode 格式以防止数据丢失
C:\Users\zhong\Desktop\EasyTcpServer\Configuration.hpp(1,1): warning C4819: 该文件包含不能在当前代码页(936)中表示的字符。请将该文件保存为 Unicode 格式以防止数据丢失
C:\Users\zhong\Desktop\EasyTcpServer\MsgBuffer.hpp(1,1): warning C4819: 该文件包含不能在当前代码页(936)中表示的字符。请将该文件保存为 Unicode 格式以防止数据丢失
C:\Users\zhong\Desktop\EasyTcpServer\CellTask.hpp(1,1): warning C4819: 该文件包含不能在当前代码页(936)中表示的字符。请将该文件保存为 Unicode 格式以防止数据丢失
C:\Users\zhong\Desktop\EasyTcpServer\CellThread.hpp(1,1): warning C4819: 该文件包含不能在当前代码页(936)中表示的字符。请将该文件保存为 Unicode 格式以防止数据丢失
C:\Users\zhong\Desktop\EasyTcpServer\CellSemaphore.hpp(1,1): warning C4819: 该文件包含不能在当前代码页(936)中表示的字符。请将该文件保存为 Unicode 格式以防止数据丢失
C:\Users\zhong\Desktop\EasyTcpServer\ClientSocket.hpp(38,9): error C2653: “CEllLog”: 不是类或命名空间名称
C:\Users\zhong\Desktop\EasyTcpServer\ClientSocket.hpp(38,9): error C3861: “Debug”: 找不到标识符
C:\Users\zhong\Desktop\EasyTcpServer\InetEvent.hpp(1,1): warning C4819: 该文件包含不能在当前代码页(936)中表示的字符。请将该文件保存为 Unicode 格式以防止数据丢失
C:\Users\zhong\Desktop\EasyTcpServer\CellTimestamp.hpp(1,1): warning C4819: 该文件包含不能在当前代码页(936)中表示的字符。请将该文件保存为 Unicode 格式以防止数据丢失
C:\Users\zhong\Desktop\EasyTcpServer\CellTimestamp.hpp(12,32): warning C4834: 放弃具有 "nodiscard" 属性的函数的返回值
C:\Users\zhong\Desktop\EasyTcpServer\CellServer.cpp(185,22): warning C4018: “<”: 有符号/无符号不匹配
C:\Users\zhong\Desktop\EasyTcpServer\CellServer.cpp(219,22): warning C4018: “<”: 有符号/无符号不匹配
  CellTask.cpp
C:\Users\zhong\Desktop\EasyTcpServer\CellTask.hpp(1,1): warning C4819: 该文件包含不能在当前代码页(936)中表示的字符。请将该文件保存为 Unicode 格式以防止数据丢失
C:\Users\zhong\Desktop\EasyTcpServer\CellThread.hpp(1,1): warning C4819: 该文件包含不能在当前代码页(936)中表示的字符。请将该文件保存为 Unicode 格式以防止数据丢失
C:\Users\zhong\Desktop\EasyTcpServer\CellSemaphore.hpp(1,1): warning C4819: 该文件包含不能在当前代码页(936)中表示的字符。请将该文件保存为 Unicode 格式以防止数据丢失
  CellThread.cpp
C:\Users\zhong\Desktop\EasyTcpServer\CellThread.hpp(1,1): warning C4819: 该文件包含不能在当前代码页(936)中表示的字符。请将该文件保存为 Unicode 格式以防止数据丢失
C:\Users\zhong\Desktop\EasyTcpServer\CellSemaphore.hpp(1,1): warning C4819: 该文件包含不能在当前代码页(936)中表示的字符。请将该文件保存为 Unicode 格式以防止数据丢失
  CellTimestamp.cpp
C:\Users\zhong\Desktop\EasyTcpServer\CellTimestamp.hpp(1,1): warning C4819: 该文件包含不能在当前代码页(936)中表示的字符。请将该文件保存为 Unicode 格式以防止数据丢失
C:\Users\zhong\Desktop\EasyTcpServer\CellTimestamp.hpp(12,32): warning C4834: 放弃具有 "nodiscard" 属性的函数的返回值
  EasyTcpServer.cpp
C:\Users\zhong\Desktop\EasyTcpServer\EasyTcpServer.cpp(1,1): warning C4819: 该文件包含不能在当前代码页(936)中表示的字符。请将该文件保存为 Unicode 格式以防止数据丢失
C:\Users\zhong\Desktop\EasyTcpServer\EasyTcpServer.hpp(1,1): warning C4819: 该文件包含不能在当前代码页(936)中表示的字符。请将该文件保存为 Unicode 格式以防止数据丢失
C:\Users\zhong\Desktop\EasyTcpServer\CellTimestamp.hpp(1,1): warning C4819: 该文件包含不能在当前代码页(936)中表示的字符。请将该文件保存为 Unicode 格式以防止数据丢失
C:\Users\zhong\Desktop\EasyTcpServer\CellTimestamp.hpp(12,32): warning C4834: 放弃具有 "nodiscard" 属性的函数的返回值
C:\Users\zhong\Desktop\EasyTcpServer\CellServer.hpp(1,1): warning C4819: 该文件包含不能在当前代码页(936)中表示的字符。请将该文件保存为 Unicode 格式以防止数据丢失
C:\Users\zhong\Desktop\EasyTcpServer\ClientSocket.hpp(1,1): warning C4819: 该文件包含不能在当前代码页(936)中表示的字符。请将该文件保存为 Unicode 格式以防止数据丢失
C:\Users\zhong\Desktop\EasyTcpServer\Configuration.hpp(1,1): warning C4819: 该文件包含不能在当前代码页(936)中表示的字符。请将该文件保存为 Unicode 格式以防止数据丢失
C:\Users\zhong\Desktop\EasyTcpServer\MsgBuffer.hpp(1,1): warning C4819: 该文件包含不能在当前代码页(936)中表示的字符。请将该文件保存为 Unicode 格式以防止数据丢失
C:\Users\zhong\Desktop\EasyTcpServer\CellTask.hpp(1,1): warning C4819: 该文件包含不能在当前代码页(936)中表示的字符。请将该文件保存为 Unicode 格式以防止数据丢失
C:\Users\zhong\Desktop\EasyTcpServer\CellThread.hpp(1,1): warning C4819: 该文件包含不能在当前代码页(936)中表示的字符。请将该文件保存为 Unicode 格式以防止数据丢失
C:\Users\zhong\Desktop\EasyTcpServer\CellSemaphore.hpp(1,1): warning C4819: 该文件包含不能在当前代码页(936)中表示的字符。请将该文件保存为 Unicode 格式以防止数据丢失
C:\Users\zhong\Desktop\EasyTcpServer\ClientSocket.hpp(38,9): error C2653: “CEllLog”: 不是类或命名空间名称
C:\Users\zhong\Desktop\EasyTcpServer\ClientSocket.hpp(38,9): error C3861: “Debug”: 找不到标识符
C:\Users\zhong\Desktop\EasyTcpServer\InetEvent.hpp(1,1): warning C4819: 该文件包含不能在当前代码页(936)中表示的字符。请将该文件保存为 Unicode 格式以防止数据丢失
  main.cpp
C:\Users\zhong\Desktop\EasyTcpServer\EasyTcpServer.hpp(1,1): warning C4819: 该文件包含不能在当前代码页(936)中表示的字符。请将该文件保存为 Unicode 格式以防止数据丢失
C:\Users\zhong\Desktop\EasyTcpServer\CellTimestamp.hpp(1,1): warning C4819: 该文件包含不能在当前代码页(936)中表示的字符。请将该文件保存为 Unicode 格式以防止数据丢失
C:\Users\zhong\Desktop\EasyTcpServer\CellTimestamp.hpp(12,32): warning C4834: 放弃具有 "nodiscard" 属性的函数的返回值
C:\Users\zhong\Desktop\EasyTcpServer\CellServer.hpp(1,1): warning C4819: 该文件包含不能在当前代码页(936)中表示的字符。请将该文件保存为 Unicode 格式以防止数据丢失
C:\Users\zhong\Desktop\EasyTcpServer\ClientSocket.hpp(1,1): warning C4819: 该文件包含不能在当前代码页(936)中表示的字符。请将该文件保存为 Unicode 格式以防止数据丢失
C:\Users\zhong\Desktop\EasyTcpServer\Configuration.hpp(1,1): warning C4819: 该文件包含不能在当前代码页(936)中表示的字符。请将该文件保存为 Unicode 格式以防止数据丢失
C:\Users\zhong\Desktop\EasyTcpServer\MsgBuffer.hpp(1,1): warning C4819: 该文件包含不能在当前代码页(936)中表示的字符。请将该文件保存为 Unicode 格式以防止数据丢失
C:\Users\zhong\Desktop\EasyTcpServer\CellTask.hpp(1,1): warning C4819: 该文件包含不能在当前代码页(936)中表示的字符。请将该文件保存为 Unicode 格式以防止数据丢失
C:\Users\zhong\Desktop\EasyTcpServer\CellThread.hpp(1,1): warning C4819: 该文件包含不能在当前代码页(936)中表示的字符。请将该文件保存为 Unicode 格式以防止数据丢失
C:\Users\zhong\Desktop\EasyTcpServer\CellSemaphore.hpp(1,1): warning C4819: 该文件包含不能在当前代码页(936)中表示的字符。请将该文件保存为 Unicode 格式以防止数据丢失
C:\Users\zhong\Desktop\EasyTcpServer\ClientSocket.hpp(38,9): error C2653: “CEllLog”: 不是类或命名空间名称
C:\Users\zhong\Desktop\EasyTcpServer\ClientSocket.hpp(38,9): error C3861: “Debug”: 找不到标识符
C:\Users\zhong\Desktop\EasyTcpServer\InetEvent.hpp(1,1): warning C4819: 该文件包含不能在当前代码页(936)中表示的字符。请将该文件保存为 Unicode 格式以防止数据丢失
  MemoryMgr.cpp
C:\Users\zhong\Desktop\EasyTcpServer\MemoryMgr.hpp(1,1): warning C4819: 该文件包含不能在当前代码页(936)中表示的字符。请将该文件保存为 Unicode 格式以防止数据丢失
C:\Users\zhong\Desktop\EasyTcpServer\CellTask.hpp(1,1): warning C4819: 该文件包含不能在当前代码页(936)中表示的字符。请将该文件保存为 Unicode 格式以防止数据丢失
C:\Users\zhong\Desktop\EasyTcpServer\CellThread.hpp(1,1): warning C4819: 该文件包含不能在当前代码页(936)中表示的字符。请将该文件保存为 Unicode 格式以防止数据丢失
C:\Users\zhong\Desktop\EasyTcpServer\CellSemaphore.hpp(1,1): warning C4819: 该文件包含不能在当前代码页(936)中表示的字符。请将该文件保存为 Unicode 格式以防止数据丢失
  MsgBuffer.cpp
C:\Users\zhong\Desktop\EasyTcpServer\MsgBuffer.cpp(1,1): warning C4819: 该文件包含不能在当前代码页(936)中表示的字符。请将该文件保存为 Unicode 格式以防止数据丢失
C:\Users\zhong\Desktop\EasyTcpServer\MsgBuffer.hpp(1,1): warning C4819: 该文件包含不能在当前代码页(936)中表示的字符。请将该文件保存为 Unicode 格式以防止数据丢失
C:\Users\zhong\Desktop\EasyTcpServer\Configuration.hpp(1,1): warning C4819: 该文件包含不能在当前代码页(936)中表示的字符。请将该文件保存为 Unicode 格式以防止数据丢失
C:\Users\zhong\Desktop\EasyTcpServer\MsgBuffer.cpp(68,13): error C3861: “CellLog_Debug”: 找不到标识符
C:\Users\zhong\Desktop\EasyTcpServer\MsgBuffer.cpp(101,15): warning C4834: 放弃具有 "nodiscard" 属性的函数的返回值
  MyServer.cpp
C:\Users\zhong\Desktop\EasyTcpServer\MyServer.cpp(1,1): warning C4819: 该文件包含不能在当前代码页(936)中表示的字符。请将该文件保存为 Unicode 格式以防止数据丢失
C:\Users\zhong\Desktop\EasyTcpServer\EasyTcpServer.hpp(1,1): warning C4819: 该文件包含不能在当前代码页(936)中表示的字符。请将该文件保存为 Unicode 格式以防止数据丢失
C:\Users\zhong\Desktop\EasyTcpServer\CellTimestamp.hpp(1,1): warning C4819: 该文件包含不能在当前代码页(936)中表示的字符。请将该文件保存为 Unicode 格式以防止数据丢失
C:\Users\zhong\Desktop\EasyTcpServer\CellTimestamp.hpp(12,32): warning C4834: 放弃具有 "nodiscard" 属性的函数的返回值
C:\Users\zhong\Desktop\EasyTcpServer\CellServer.hpp(1,1): warning C4819: 该文件包含不能在当前代码页(936)中表示的字符。请将该文件保存为 Unicode 格式以防止数据丢失
C:\Users\zhong\Desktop\EasyTcpServer\ClientSocket.hpp(1,1): warning C4819: 该文件包含不能在当前代码页(936)中表示的字符。请将该文件保存为 Unicode 格式以防止数据丢失
C:\Users\zhong\Desktop\EasyTcpServer\Configuration.hpp(1,1): warning C4819: 该文件包含不能在当前代码页(936)中表示的字符。请将该文件保存为 Unicode 格式以防止数据丢失
C:\Users\zhong\Desktop\EasyTcpServer\MsgBuffer.hpp(1,1): warning C4819: 该文件包含不能在当前代码页(936)中表示的字符。请将该文件保存为 Unicode 格式以防止数据丢失
C:\Users\zhong\Desktop\EasyTcpServer\CellTask.hpp(1,1): warning C4819: 该文件包含不能在当前代码页(936)中表示的字符。请将该文件保存为 Unicode 格式以防止数据丢失
C:\Users\zhong\Desktop\EasyTcpServer\CellThread.hpp(1,1): warning C4819: 该文件包含不能在当前代码页(936)中表示的字符。请将该文件保存为 Unicode 格式以防止数据丢失
C:\Users\zhong\Desktop\EasyTcpServer\CellSemaphore.hpp(1,1): warning C4819: 该文件包含不能在当前代码页(936)中表示的字符。请将该文件保存为 Unicode 格式以防止数据丢失
C:\Users\zhong\Desktop\EasyTcpServer\ClientSocket.hpp(38,9): error C2653: “CEllLog”: 不是类或命名空间名称
C:\Users\zhong\Desktop\EasyTcpServer\ClientSocket.hpp(38,9): error C3861: “Debug”: 找不到标识符
C:\Users\zhong\Desktop\EasyTcpServer\InetEvent.hpp(1,1): warning C4819: 该文件包含不能在当前代码页(936)中表示的字符。请将该文件保存为 Unicode 格式以防止数据丢失
  objectPoolBase.cpp
C:\Users\zhong\Desktop\EasyTcpServer\objectPoolBase.hpp(1,1): warning C4819: 该文件包含不能在当前代码页(936)中表示的字符。请将该文件保存为 Unicode 格式以防止数据丢失
  正在生成代码...
